<?xml version="1.0" encoding="UTF-8"?>
<!-- Generated by org.testng.reporters.JUnitReportReporter -->
<testsuite hostname="haile" failures="0" tests="5" name="testDAO.TestConnectSQL" time="4.947" errors="0" timestamp="2021-11-30T23:37:21 ICT" skipped="0">
  <testcase classname="testDAO.TestConnectSQL" name="TCDB_TC005_UserNull" time="1.261"/>
  <system-out/>
  <testcase classname="testDAO.TestConnectSQL" name="TCDB_TC002_PasswordNull" time="1.560"/>
  <system-out/>
  <testcase classname="testDAO.TestConnectSQL" name="TCDB_TC004_UserFalse" time="0.862"/>
  <system-out/>
  <testcase classname="testDAO.TestConnectSQL" name="TCDB_TC003_PasswordFalse" time="0.807"/>
  <system-out/>
  <testcase classname="testDAO.TestConnectSQL" name="TCDB_TC001_Success" time="0.457"/>
  <system-out/>
</testsuite> <!-- testDAO.TestConnectSQL -->
