<?xml version="1.0" encoding="UTF-8"?>
<!-- Generated by org.testng.reporters.JUnitReportReporter -->
<testsuite hostname="haile" failures="0" tests="1" name="testDAO.TestConnectSQL" time="0.486" errors="0" timestamp="2021-11-30T16:30:25 ICT" skipped="0">
  <testcase classname="testDAO.TestConnectSQL" name="TCDB_TC001_Success" time="0.486"/>
  <system-out/>
</testsuite> <!-- testDAO.TestConnectSQL -->
