<?xml version="1.0" encoding="UTF-8"?>
<!-- Generated by org.testng.reporters.JUnitReportReporter -->
<testsuite hostname="haile" failures="0" tests="4" name="testDAO.TestConnectSQL" time="2.847" errors="0" timestamp="2021-12-01T15:33:58 ICT" skipped="0">
  <testcase classname="testDAO.TestConnectSQL" name="TCDB_TC005_UserNull" time="0.339"/>
  <system-out/>
  <testcase classname="testDAO.TestConnectSQL" name="TCDB_TC001_Success" time="0.593"/>
  <system-out/>
  <testcase classname="testDAO.TestConnectSQL" name="TCDB_TC003_PasswordFalse" time="1.454"/>
  <system-out/>
  <testcase classname="testDAO.TestConnectSQL" name="TCDB_TC004_UserFalse" time="0.461"/>
  <system-out/>
</testsuite> <!-- testDAO.TestConnectSQL -->
