<?xml version="1.0" encoding="UTF-8"?>
<!-- Generated by org.testng.reporters.JUnitReportReporter -->
<testsuite hostname="haile" failures="0" tests="5" name="testDAO.TestQuanLyDAO" time="0.592" errors="0" timestamp="2021-12-01T16:47:21 ICT" skipped="0">
  <testcase classname="testDAO.TestQuanLyDAO" name="TC002_loadlstSP_Success" time="0.042"/>
  <system-out/>
  <testcase classname="testDAO.TestQuanLyDAO" name="TC001_loadlstNV_Success" time="0.439"/>
  <system-out/>
  <testcase classname="testDAO.TestQuanLyDAO" name="TC004_findNVByID_Failed" time="0.023"/>
  <system-out/>
  <testcase classname="testDAO.TestQuanLyDAO" name="TC003_findNVByID_Success" time="0.061"/>
  <system-out/>
  <testcase classname="testDAO.TestQuanLyDAO" name="TC004_findSPbyID_Failed" time="0.027"/>
  <system-out/>
</testsuite> <!-- testDAO.TestQuanLyDAO -->
