<?xml version="1.0" encoding="UTF-8"?>
<!-- Generated by org.testng.reporters.JUnitReportReporter -->
<testsuite hostname="haile" failures="0" tests="2" name="testDAO.TestConnectSQL" time="1.724" errors="0" timestamp="2021-11-30T20:49:47 ICT" skipped="0">
  <testcase classname="testDAO.TestConnectSQL" name="TCDB_TC001_Success" time="0.365"/>
  <system-out/>
  <testcase classname="testDAO.TestConnectSQL" name="TCDB_TC002_Failed" time="1.359"/>
  <system-out/>
</testsuite> <!-- testDAO.TestConnectSQL -->
