<?xml version="1.0" encoding="UTF-8"?>
<!-- Generated by org.testng.reporters.JUnitReportReporter -->
<testsuite hostname="haile" failures="0" tests="5" name="testDAO.TestQuanLyDAO" time="0.640" errors="0" timestamp="2021-12-02T14:20:26 ICT" skipped="0">
  <testcase classname="testDAO.TestQuanLyDAO" name="TC001_loadlstNV_Success" time="0.496"/>
  <system-out/>
  <testcase classname="testDAO.TestQuanLyDAO" name="TC004_findSPbyID_Failed" time="0.021"/>
  <system-out/>
  <testcase classname="testDAO.TestQuanLyDAO" name="TC002_loadlstSP_Success" time="0.043"/>
  <system-out/>
  <testcase classname="testDAO.TestQuanLyDAO" name="TC004_findNVByID_Failed" time="0.027"/>
  <system-out/>
  <testcase classname="testDAO.TestQuanLyDAO" name="TC003_findNVByID_Success" time="0.053"/>
  <system-out/>
</testsuite> <!-- testDAO.TestQuanLyDAO -->
